<?xml version="1.0" encoding="UTF-8"?>
<!-- Generated by org.testng.reporters.JUnitReportReporter -->
<testsuite hostname="DESKTOP-B4SFM7J" failures="0" tests="3" name="testng_dataprovider.MainCode" time="15.282" errors="0" timestamp="2025-03-08T10:31:45 IST" skipped="0">
  <testcase classname="testng_dataprovider.MainCode" name="testLogin" time="4.906"/>
  <testcase classname="testng_dataprovider.MainCode" name="testLogin" time="5.494"/>
  <testcase classname="testng_dataprovider.MainCode" name="testLogin" time="4.882"/>
</testsuite> <!-- testng_dataprovider.MainCode -->
