<?xml version="1.0" encoding="UTF-8"?>
<!-- Generated by org.testng.reporters.JUnitReportReporter -->
<testsuite hostname="DESKTOP-B4SFM7J" failures="0" tests="2" name="testng_parallel.ClassB" time="4.682" errors="0" timestamp="2025-03-08T10:01:34 IST" skipped="0">
  <testcase classname="testng_parallel.ClassB" name="testMethodB1" time="2.218"/>
  <testcase classname="testng_parallel.ClassB" name="openGoogleClassB2" time="2.464"/>
</testsuite> <!-- testng_parallel.ClassB -->
