<?xml version="1.0" encoding="UTF-8"?>
<!-- Generated by org.testng.reporters.JUnitReportReporter -->
<testsuite hostname="DESKTOP-B4SFM7J" failures="0" tests="1" name="Dropdown.dropdownWithoutMultiple" time="7.244" errors="0" timestamp="2025-03-07T19:08:59 IST" skipped="0">
  <testcase classname="Dropdown.dropdownWithoutMultiple" name="Tc001" time="7.244"/>
</testsuite> <!-- Dropdown.dropdownWithoutMultiple -->
