<?xml version="1.0" encoding="UTF-8"?>
<!-- Generated by org.testng.reporters.JUnitReportReporter -->
<testsuite hostname="DESKTOP-B4SFM7J" failures="0" tests="1" name="screenShot.HandlingScreenshot" time="3.627" errors="0" timestamp="2025-03-07T22:04:16 IST" skipped="0">
  <testcase classname="screenShot.HandlingScreenshot" name="Tc001" time="3.627"/>
</testsuite> <!-- screenShot.HandlingScreenshot -->
