<?xml version="1.0" encoding="UTF-8"?>
<!-- Generated by org.testng.reporters.JUnitReportReporter -->
<testsuite hostname="DESKTOP-B4SFM7J" failures="0" tests="4" name="ParallelWithDataProvider.parallel_Excution_DataProvider" time="12.178" errors="0" timestamp="2025-06-17T22:20:08 IST" skipped="0">
  <testcase classname="ParallelWithDataProvider.parallel_Excution_DataProvider" name="tc_001" time="2.509"/>
  <testcase classname="ParallelWithDataProvider.parallel_Excution_DataProvider" name="tc_001" time="3.593"/>
  <testcase classname="ParallelWithDataProvider.parallel_Excution_DataProvider" name="tc_001" time="2.484"/>
  <testcase classname="ParallelWithDataProvider.parallel_Excution_DataProvider" name="tc_001" time="3.592"/>
</testsuite> <!-- ParallelWithDataProvider.parallel_Excution_DataProvider -->
