<?xml version="1.0" encoding="UTF-8"?>
<!-- Generated by org.testng.reporters.JUnitReportReporter -->
<testsuite hostname="DESKTOP-B4SFM7J" failures="0" tests="2" name="testng_annotations.AnnotationExample" time="3.535" errors="0" timestamp="2025-03-08T10:06:37 IST" skipped="0">
  <testcase classname="testng_annotations.AnnotationExample" name="testOpenFacebook" time="1.730"/>
  <testcase classname="testng_annotations.AnnotationExample" name="testOpenFacebookLoginPage" time="1.805"/>
</testsuite> <!-- testng_annotations.AnnotationExample -->
