<?xml version="1.0" encoding="UTF-8"?>
<!-- Generated by org.testng.reporters.JUnitReportReporter -->
<testsuite hostname="DESKTOP-B4SFM7J" failures="0" tests="3" name="testng_grouping.GroupingExample" time="0.012" errors="0" timestamp="2025-03-08T09:42:40 IST" skipped="0">
  <testcase classname="testng_grouping.GroupingExample" name="testHomePage" time="0.001"/>
  <testcase classname="testng_grouping.GroupingExample" name="testLogin" time="0.002"/>
  <testcase classname="testng_grouping.GroupingExample" name="testAddToCart" time="0.009"/>
</testsuite> <!-- testng_grouping.GroupingExample -->
