<?xml version="1.0" encoding="UTF-8"?>
<!-- Generated by org.testng.reporters.JUnitReportReporter -->
<testsuite hostname="DESKTOP-B4SFM7J" failures="0" tests="1" name="Selenuim_Practice.Selenuim_Practice.BasicRun" time="2.984" errors="0" timestamp="2025-03-06T23:16:08 IST" skipped="0">
  <testcase classname="Selenuim_Practice.Selenuim_Practice.BasicRun" name="test" time="2.984"/>
</testsuite> <!-- Selenuim_Practice.Selenuim_Practice.BasicRun -->
