<?xml version="1.0" encoding="UTF-8"?>
<!-- Generated by org.testng.reporters.JUnitReportReporter -->
<testsuite hostname="DESKTOP-B4SFM7J" failures="0" tests="2" name="testng_parallel.ClassA" time="6.872" errors="0" timestamp="2025-03-08T10:01:34 IST" skipped="0">
  <testcase classname="testng_parallel.ClassA" name="testMethodA1" time="3.041"/>
  <testcase classname="testng_parallel.ClassA" name="openGoogleClassA2" time="3.831"/>
</testsuite> <!-- testng_parallel.ClassA -->
