<?xml version="1.0" encoding="UTF-8"?>
<!-- Generated by org.testng.reporters.JUnitReportReporter -->
<testsuite hostname="DESKTOP-B4SFM7J" failures="0" tests="1" name="calender_handling.Calender" time="8.890" errors="0" timestamp="2025-03-08T09:01:39 IST" skipped="0">
  <testcase classname="calender_handling.Calender" name="Tc001" time="8.890"/>
</testsuite> <!-- calender_handling.Calender -->
