<?xml version="1.0" encoding="UTF-8"?>
<!-- Generated by org.testng.reporters.JUnitReportReporter -->
<testsuite hostname="DESKTOP-B4SFM7J" failures="0" tests="1" name="Alerts.alertsHandling" time="28.911" errors="0" timestamp="2025-03-07T19:42:28 IST" skipped="0">
  <testcase classname="Alerts.alertsHandling" name="Tc001" time="28.911"/>
</testsuite> <!-- Alerts.alertsHandling -->
