<?xml version="1.0" encoding="UTF-8"?>
<!-- Generated by org.testng.reporters.JUnitReportReporter -->
<testsuite hostname="DESKTOP-B4SFM7J" failures="0" tests="1" name="auto_suggestions.AutoSuggestions" time="8.069" errors="0" timestamp="2025-03-08T08:32:59 IST" skipped="0">
  <testcase classname="auto_suggestions.AutoSuggestions" name="Tc001" time="8.069"/>
</testsuite> <!-- auto_suggestions.AutoSuggestions -->
