<?xml version="1.0" encoding="UTF-8"?>
<!-- Generated by org.testng.reporters.JUnitReportReporter -->
<testsuite hostname="DESKTOP-B4SFM7J" failures="0" tests="1" name="frame.handlingOfFrame" time="11.858" errors="0" timestamp="2025-03-07T20:39:42 IST" skipped="0">
  <testcase classname="frame.handlingOfFrame" name="Tc001" time="11.858"/>
</testsuite> <!-- frame.handlingOfFrame -->
