<?xml version="1.0" encoding="UTF-8"?>
<!-- Generated by org.testng.reporters.JUnitReportReporter -->
<testsuite hostname="DESKTOP-B4SFM7J" failures="0" tests="1" name="FileUpload.UploadingFileWithoutSendKeys" time="11.840" errors="0" timestamp="2025-06-17T22:53:52 IST" skipped="0">
  <testcase classname="FileUpload.UploadingFileWithoutSendKeys" name="tc_001" time="11.840"/>
</testsuite> <!-- FileUpload.UploadingFileWithoutSendKeys -->
