<?xml version="1.0" encoding="UTF-8"?>
<!-- Generated by org.testng.reporters.JUnitReportReporter -->
<testsuite hostname="DESKTOP-B4SFM7J" failures="0" tests="1" name="Window_Handling.Windowhandle" time="14.080" errors="0" timestamp="2025-03-08T09:19:50 IST" skipped="0">
  <testcase classname="Window_Handling.Windowhandle" name="Tc001" time="14.080"/>
</testsuite> <!-- Window_Handling.Windowhandle -->
