<?xml version="1.0" encoding="UTF-8"?>
<!-- Generated by org.testng.reporters.JUnitReportReporter -->
<testsuite hostname="DESKTOP-B4SFM7J" failures="0" tests="3" name="testng_annotations.Annotations" time="5.822" errors="0" timestamp="2025-03-08T10:08:53 IST" skipped="0">
  <testcase classname="testng_annotations.Annotations" name="testOpenGoogle" time="0.482"/>
  <testcase classname="testng_annotations.Annotations" name="testOpenFacebook" time="1.414"/>
  <testcase classname="testng_annotations.Annotations" name="testOpenTwitter" time="3.926"/>
</testsuite> <!-- testng_annotations.Annotations -->
