<?xml version="1.0" encoding="UTF-8"?>
<!-- Generated by org.testng.reporters.JUnitReportReporter -->
<testsuite hostname="DESKTOP-B4SFM7J" failures="0" tests="1" name="reading_excel.ExcelReading" time="15.712" errors="0" timestamp="2025-03-08T21:57:31 IST" skipped="0">
  <testcase classname="reading_excel.ExcelReading" name="tc01" time="15.712"/>
</testsuite> <!-- reading_excel.ExcelReading -->
