<?xml version="1.0" encoding="UTF-8"?>
<!-- Generated by org.testng.reporters.JUnitReportReporter -->
<testsuite hostname="DESKTOP-B4SFM7J" failures="0" tests="4" name="testng_priority.PriorityExample" time="0.014" errors="0" timestamp="2025-03-08T09:25:23 IST" skipped="0">
  <testcase classname="testng_priority.PriorityExample" name="testFour" time="0.008"/>
  <testcase classname="testng_priority.PriorityExample" name="testOne" time="0.002"/>
  <testcase classname="testng_priority.PriorityExample" name="testTwo" time="0.003"/>
  <testcase classname="testng_priority.PriorityExample" name="testThree" time="0.001"/>
</testsuite> <!-- testng_priority.PriorityExample -->
