<?xml version="1.0" encoding="UTF-8"?>
<!-- Generated by org.testng.reporters.JUnitReportReporter -->
<testsuite hostname="DESKTOP-B4SFM7J" failures="0" tests="1" name="DragAndDrop.buildInDragAndDrop" time="9.164" errors="0" timestamp="2025-03-07T20:17:05 IST" skipped="0">
  <testcase classname="DragAndDrop.buildInDragAndDrop" name="Tc001" time="9.164"/>
</testsuite> <!-- DragAndDrop.buildInDragAndDrop -->
