<?xml version="1.0" encoding="UTF-8"?>
<!-- Generated by org.testng.reporters.JUnitReportReporter -->
<testsuite hostname="DESKTOP-B4SFM7J" failures="0" tests="1" name="tableHandling.tablehandle" time="26.780" errors="0" timestamp="2025-03-07T20:50:11 IST" skipped="0">
  <testcase classname="tableHandling.tablehandle" name="Tc001" time="26.780"/>
</testsuite> <!-- tableHandling.tablehandle -->
