<?xml version="1.0" encoding="UTF-8"?>
<!-- Generated by org.testng.reporters.JUnitReportReporter -->
<testsuite hostname="DESKTOP-B4SFM7J" failures="0" tests="1" name="DragAndDrop.manualDragAndDrop" time="9.330" errors="0" timestamp="2025-03-07T20:20:10 IST" skipped="0">
  <testcase classname="DragAndDrop.manualDragAndDrop" name="Tc001" time="9.330"/>
</testsuite> <!-- DragAndDrop.manualDragAndDrop -->
