<?xml version="1.0" encoding="UTF-8"?>
<!-- Generated by org.testng.reporters.JUnitReportReporter -->
<testsuite hostname="DESKTOP-B4SFM7J" failures="0" tests="1" name="Dropdown.dropdownWithMultiple" time="8.163" errors="0" timestamp="2025-03-07T19:17:29 IST" skipped="0">
  <testcase classname="Dropdown.dropdownWithMultiple" name="Tc001" time="8.163"/>
</testsuite> <!-- Dropdown.dropdownWithMultiple -->
