<?xml version="1.0" encoding="UTF-8"?>
<!-- Generated by org.testng.reporters.JUnitReportReporter -->
<testsuite hostname="DESKTOP-B4SFM7J" failures="0" tests="1" name="navigation.BrowserRefresh" time="22.218" errors="0" timestamp="2025-03-08T09:09:45 IST" skipped="0">
  <testcase classname="navigation.BrowserRefresh" name="Tc001" time="22.218"/>
</testsuite> <!-- navigation.BrowserRefresh -->
